2021-11-24 08:59:59,298  [HikariPool-8 housekeeper]  [36mc.z.h.p.HikariPool[0;39m - HikariPool-8 - Thread starvation or clock leap detected (housekeeper delta=14h17m24s70ms149µs100ns). 
2021-11-24 09:03:29,497  [http-nio-8080-exec-3]  [36mo.a.c.c.C.[.[.[/][0;39m - Initializing Spring DispatcherServlet 'dispatcherServlet' 
2021-11-24 09:03:29,501  [http-nio-8080-exec-3]  [36mo.s.w.s.DispatcherServlet[0;39m - Initializing Servlet 'dispatcherServlet' 
2021-11-24 09:03:29,588  [http-nio-8080-exec-3]  [36mo.s.w.s.DispatcherServlet[0;39m - Completed initialization in 87 ms 
2021-11-24 09:04:17,655  [RMI TCP Connection(244)-127.0.0.1]  [36mo.s.b.a.SpringApplicationAdminMXBeanRegistrar$SpringApplicationAdmin[0;39m - Application shutdown requested. 
2021-11-24 09:04:17,814  [RMI TCP Connection(244)-127.0.0.1]  [36mo.s.o.j.LocalContainerEntityManagerFactoryBean[0;39m - Closing JPA EntityManagerFactory for persistence unit 'default' 
2021-11-24 09:04:17,855  [RMI TCP Connection(244)-127.0.0.1]  [36mc.z.h.HikariDataSource[0;39m - HikariPool-8 - Shutdown initiated... 
2021-11-24 09:04:17,866  [RMI TCP Connection(244)-127.0.0.1]  [36mc.z.h.HikariDataSource[0;39m - HikariPool-8 - Shutdown completed. 
2021-11-24 09:37:38,226  [restartedMain]  [36mc.t.s.BankApplication[0;39m - Starting BankApplication using Java 15 on DESKTOP-7G56MR9 with PID 16096 (E:\TechnoElevate_Spring Boot Rest\bank-application\target\classes started by Sahid in E:\TechnoElevate_Spring Boot Rest\bank-application) 
2021-11-24 09:37:38,229  [restartedMain]  [36mc.t.s.BankApplication[0;39m - No active profile set, falling back to default profiles: default 
2021-11-24 09:37:38,341  [restartedMain]  [36mo.s.b.d.e.DevToolsPropertyDefaultsPostProcessor[0;39m - Devtools property defaults active! Set 'spring.devtools.add-properties' to 'false' to disable 
2021-11-24 09:37:38,342  [restartedMain]  [36mo.s.b.d.e.DevToolsPropertyDefaultsPostProcessor[0;39m - For additional web related logging consider setting the 'logging.level.web' property to 'DEBUG' 
2021-11-24 09:37:39,753  [restartedMain]  [36mo.s.d.r.c.RepositoryConfigurationDelegate[0;39m - Bootstrapping Spring Data JPA repositories in DEFAULT mode. 
2021-11-24 09:37:39,887  [restartedMain]  [36mo.s.d.r.c.RepositoryConfigurationDelegate[0;39m - Finished Spring Data repository scanning in 112 ms. Found 3 JPA repository interfaces. 
2021-11-24 09:37:41,398  [restartedMain]  [36mo.s.b.w.e.t.TomcatWebServer[0;39m - Tomcat initialized with port(s): 8080 (http) 
2021-11-24 09:37:41,414  [restartedMain]  [36mo.a.c.c.StandardService[0;39m - Starting service [Tomcat] 
2021-11-24 09:37:41,414  [restartedMain]  [36mo.a.c.c.StandardEngine[0;39m - Starting Servlet engine: [Apache Tomcat/9.0.54] 
2021-11-24 09:37:41,602  [restartedMain]  [36mo.a.c.c.C.[.[.[/][0;39m - Initializing Spring embedded WebApplicationContext 
2021-11-24 09:37:41,603  [restartedMain]  [36mo.s.b.w.s.c.ServletWebServerApplicationContext[0;39m - Root WebApplicationContext: initialization completed in 3260 ms 
2021-11-24 09:37:41,906  [restartedMain]  [36mo.h.j.i.u.LogHelper[0;39m - HHH000204: Processing PersistenceUnitInfo [name: default] 
2021-11-24 09:37:42,009  [restartedMain]  [36mo.h.Version[0;39m - HHH000412: Hibernate ORM core version 5.4.32.Final 
2021-11-24 09:37:42,277  [restartedMain]  [36mo.h.a.c.Version[0;39m - HCANN000001: Hibernate Commons Annotations {5.1.2.Final} 
2021-11-24 09:37:42,463  [restartedMain]  [36mc.z.h.HikariDataSource[0;39m - HikariPool-1 - Starting... 
2021-11-24 09:37:42,740  [restartedMain]  [36mc.z.h.HikariDataSource[0;39m - HikariPool-1 - Start completed. 
2021-11-24 09:37:42,768  [restartedMain]  [36mo.h.d.Dialect[0;39m - HHH000400: Using dialect: org.hibernate.dialect.MySQL5Dialect 
2021-11-24 09:37:48,240  [restartedMain]  [36mo.h.e.t.j.p.i.JtaPlatformInitiator[0;39m - HHH000490: Using JtaPlatform implementation: [org.hibernate.engine.transaction.jta.platform.internal.NoJtaPlatform] 
2021-11-24 09:37:48,260  [restartedMain]  [36mo.s.o.j.LocalContainerEntityManagerFactoryBean[0;39m - Initialized JPA EntityManagerFactory for persistence unit 'default' 
2021-11-24 09:37:49,023  [restartedMain]  [36mo.s.b.a.o.j.JpaBaseConfiguration$JpaWebConfiguration[0;39m - spring.jpa.open-in-view is enabled by default. Therefore, database queries may be performed during view rendering. Explicitly configure spring.jpa.open-in-view to disable this warning 
2021-11-24 09:37:49,785  [restartedMain]  [36mo.s.s.w.DefaultSecurityFilterChain[0;39m - Will secure Ant [pattern='/v2/api-docs'] with [] 
2021-11-24 09:37:49,786  [restartedMain]  [36mo.s.s.w.DefaultSecurityFilterChain[0;39m - Will secure Ant [pattern='/swagger-resources/configuration/ui'] with [] 
2021-11-24 09:37:49,786  [restartedMain]  [36mo.s.s.w.DefaultSecurityFilterChain[0;39m - Will secure Ant [pattern='/swagger-resources'] with [] 
2021-11-24 09:37:49,786  [restartedMain]  [36mo.s.s.w.DefaultSecurityFilterChain[0;39m - Will secure Ant [pattern='/swagger-resources/configuration/security'] with [] 
2021-11-24 09:37:49,786  [restartedMain]  [36mo.s.s.w.DefaultSecurityFilterChain[0;39m - Will secure Ant [pattern='/swagger-ui.html'] with [] 
2021-11-24 09:37:49,787  [restartedMain]  [36mo.s.s.w.DefaultSecurityFilterChain[0;39m - Will secure Ant [pattern='/webjars/**'] with [] 
2021-11-24 09:37:49,825  [restartedMain]  [36mo.s.s.w.DefaultSecurityFilterChain[0;39m - Will secure any request with [org.springframework.security.web.context.request.async.WebAsyncManagerIntegrationFilter@b947b45, org.springframework.security.web.context.SecurityContextPersistenceFilter@71db36a4, org.springframework.security.web.header.HeaderWriterFilter@7a7fb927, org.springframework.security.web.authentication.logout.LogoutFilter@571960d7, com.technoelevate.springboot.filter.CustomerAuthorizationFilter@5c714e43, com.technoelevate.springboot.filter.CustomAuthenticattionFilter@7906cc87, org.springframework.security.web.savedrequest.RequestCacheAwareFilter@4e26b0ea, org.springframework.security.web.servletapi.SecurityContextHolderAwareRequestFilter@522b094b, org.springframework.security.web.authentication.AnonymousAuthenticationFilter@6adb0b69, org.springframework.security.web.session.SessionManagementFilter@12b94fd2, org.springframework.security.web.access.ExceptionTranslationFilter@368422d7, org.springframework.security.web.access.intercept.FilterSecurityInterceptor@4008d70f] 
2021-11-24 09:37:49,869  [restartedMain]  [36ms.d.s.w.PropertySourcedRequestMappingHandlerMapping[0;39m - Mapped URL path [/v2/api-docs] onto method [springfox.documentation.swagger2.web.Swagger2Controller#getDocumentation(String, HttpServletRequest)] 
2021-11-24 09:37:50,126  [restartedMain]  [36mo.s.b.d.a.OptionalLiveReloadServer[0;39m - LiveReload server is running on port 35729 
2021-11-24 09:37:50,443  [restartedMain]  [36mo.s.b.w.e.t.TomcatWebServer[0;39m - Tomcat started on port(s): 8080 (http) with context path '' 
2021-11-24 09:37:50,444  [restartedMain]  [36ms.d.s.w.p.DocumentationPluginsBootstrapper[0;39m - Context refreshed 
2021-11-24 09:37:50,474  [restartedMain]  [36ms.d.s.w.p.DocumentationPluginsBootstrapper[0;39m - Found 1 custom documentation plugin(s) 
2021-11-24 09:37:50,513  [restartedMain]  [36ms.d.s.w.s.ApiListingReferenceScanner[0;39m - Scanning for api listing references 
2021-11-24 09:37:50,761  [restartedMain]  [36mc.t.s.BankApplication[0;39m - Started BankApplication in 13.285 seconds (JVM running for 14.996) 
2021-11-24 09:38:23,926  [http-nio-8080-exec-1]  [36mo.a.c.c.C.[.[.[/][0;39m - Initializing Spring DispatcherServlet 'dispatcherServlet' 
2021-11-24 09:38:23,927  [http-nio-8080-exec-1]  [36mo.s.w.s.DispatcherServlet[0;39m - Initializing Servlet 'dispatcherServlet' 
2021-11-24 09:38:23,930  [http-nio-8080-exec-1]  [36mo.s.w.s.DispatcherServlet[0;39m - Completed initialization in 3 ms 
2021-11-24 09:38:23,965  [http-nio-8080-exec-1]  [36mc.t.s.f.CustomAuthenticattionFilter[0;39m - Username is Rakes And Password Is rakesh@123 
2021-11-24 09:38:24,937  [http-nio-8080-exec-1]  [36mc.t.s.s.CustomerServiceImpl[0;39m - Please Enter your Correct User Name 
2021-11-24 09:38:24,938  [http-nio-8080-exec-1]  [36mc.t.s.f.CustomAuthenticattionFilter[0;39m - UserDetailsService returned null, which is an interface contract violation 
2021-11-24 09:41:54,663  [Thread-4]  [36mo.s.o.j.LocalContainerEntityManagerFactoryBean[0;39m - Closing JPA EntityManagerFactory for persistence unit 'default' 
2021-11-24 09:41:54,706  [Thread-4]  [36mc.z.h.HikariDataSource[0;39m - HikariPool-1 - Shutdown initiated... 
2021-11-24 09:41:54,763  [Thread-4]  [36mc.z.h.HikariDataSource[0;39m - HikariPool-1 - Shutdown completed. 
2021-11-24 09:41:55,197  [restartedMain]  [36mc.t.s.BankApplication[0;39m - Starting BankApplication using Java 15 on DESKTOP-7G56MR9 with PID 16096 (E:\TechnoElevate_Spring Boot Rest\bank-application\target\classes started by Sahid in E:\TechnoElevate_Spring Boot Rest\bank-application) 
2021-11-24 09:41:55,198  [restartedMain]  [36mc.t.s.BankApplication[0;39m - No active profile set, falling back to default profiles: default 
2021-11-24 09:41:55,694  [restartedMain]  [36mo.s.d.r.c.RepositoryConfigurationDelegate[0;39m - Bootstrapping Spring Data JPA repositories in DEFAULT mode. 
2021-11-24 09:41:55,709  [restartedMain]  [36mo.s.d.r.c.RepositoryConfigurationDelegate[0;39m - Finished Spring Data repository scanning in 14 ms. Found 3 JPA repository interfaces. 
2021-11-24 09:41:56,000  [restartedMain]  [36mo.s.b.w.e.t.TomcatWebServer[0;39m - Tomcat initialized with port(s): 8080 (http) 
2021-11-24 09:41:56,001  [restartedMain]  [36mo.a.c.c.StandardService[0;39m - Starting service [Tomcat] 
2021-11-24 09:41:56,001  [restartedMain]  [36mo.a.c.c.StandardEngine[0;39m - Starting Servlet engine: [Apache Tomcat/9.0.54] 
2021-11-24 09:41:56,033  [restartedMain]  [36mo.a.c.c.C.[.[.[/][0;39m - Initializing Spring embedded WebApplicationContext 
2021-11-24 09:41:56,033  [restartedMain]  [36mo.s.b.w.s.c.ServletWebServerApplicationContext[0;39m - Root WebApplicationContext: initialization completed in 812 ms 
2021-11-24 09:41:56,089  [restartedMain]  [36mo.h.j.i.u.LogHelper[0;39m - HHH000204: Processing PersistenceUnitInfo [name: default] 
2021-11-24 09:41:56,098  [restartedMain]  [36mc.z.h.HikariDataSource[0;39m - HikariPool-2 - Starting... 
2021-11-24 09:41:56,108  [restartedMain]  [36mc.z.h.HikariDataSource[0;39m - HikariPool-2 - Start completed. 
2021-11-24 09:41:56,109  [restartedMain]  [36mo.h.d.Dialect[0;39m - HHH000400: Using dialect: org.hibernate.dialect.MySQL5Dialect 
2021-11-24 09:41:56,446  [restartedMain]  [36mo.h.e.t.j.p.i.JtaPlatformInitiator[0;39m - HHH000490: Using JtaPlatform implementation: [org.hibernate.engine.transaction.jta.platform.internal.NoJtaPlatform] 
2021-11-24 09:41:56,447  [restartedMain]  [36mo.s.o.j.LocalContainerEntityManagerFactoryBean[0;39m - Initialized JPA EntityManagerFactory for persistence unit 'default' 
2021-11-24 09:41:56,658  [restartedMain]  [36mo.s.b.a.o.j.JpaBaseConfiguration$JpaWebConfiguration[0;39m - spring.jpa.open-in-view is enabled by default. Therefore, database queries may be performed during view rendering. Explicitly configure spring.jpa.open-in-view to disable this warning 
2021-11-24 09:41:56,874  [restartedMain]  [36mo.s.s.w.DefaultSecurityFilterChain[0;39m - Will secure Ant [pattern='/v2/api-docs'] with [] 
2021-11-24 09:41:56,875  [restartedMain]  [36mo.s.s.w.DefaultSecurityFilterChain[0;39m - Will secure Ant [pattern='/swagger-resources/configuration/ui'] with [] 
2021-11-24 09:41:56,875  [restartedMain]  [36mo.s.s.w.DefaultSecurityFilterChain[0;39m - Will secure Ant [pattern='/swagger-resources'] with [] 
2021-11-24 09:41:56,875  [restartedMain]  [36mo.s.s.w.DefaultSecurityFilterChain[0;39m - Will secure Ant [pattern='/swagger-resources/configuration/security'] with [] 
2021-11-24 09:41:56,875  [restartedMain]  [36mo.s.s.w.DefaultSecurityFilterChain[0;39m - Will secure Ant [pattern='/swagger-ui.html'] with [] 
2021-11-24 09:41:56,875  [restartedMain]  [36mo.s.s.w.DefaultSecurityFilterChain[0;39m - Will secure Ant [pattern='/webjars/**'] with [] 
2021-11-24 09:41:56,884  [restartedMain]  [36mo.s.s.w.DefaultSecurityFilterChain[0;39m - Will secure any request with [org.springframework.security.web.context.request.async.WebAsyncManagerIntegrationFilter@218aaa30, org.springframework.security.web.context.SecurityContextPersistenceFilter@607f7fe6, org.springframework.security.web.header.HeaderWriterFilter@216ec837, org.springframework.security.web.authentication.logout.LogoutFilter@dc8de5c, com.technoelevate.springboot.filter.CustomerAuthorizationFilter@42e256ae, com.technoelevate.springboot.filter.CustomAuthenticattionFilter@28dfe372, org.springframework.security.web.savedrequest.RequestCacheAwareFilter@4e89f9cc, org.springframework.security.web.servletapi.SecurityContextHolderAwareRequestFilter@19f1bf5a, org.springframework.security.web.authentication.AnonymousAuthenticationFilter@7c283501, org.springframework.security.web.session.SessionManagementFilter@717fda59, org.springframework.security.web.access.ExceptionTranslationFilter@550f6af7, org.springframework.security.web.access.intercept.FilterSecurityInterceptor@4923b018] 
2021-11-24 09:41:56,892  [restartedMain]  [36ms.d.s.w.PropertySourcedRequestMappingHandlerMapping[0;39m - Mapped URL path [/v2/api-docs] onto method [springfox.documentation.swagger2.web.Swagger2Controller#getDocumentation(String, HttpServletRequest)] 
2021-11-24 09:41:56,959  [restartedMain]  [36mo.s.b.d.a.OptionalLiveReloadServer[0;39m - LiveReload server is running on port 35729 
2021-11-24 09:41:57,065  [restartedMain]  [36mo.s.b.w.e.t.TomcatWebServer[0;39m - Tomcat started on port(s): 8080 (http) with context path '' 
2021-11-24 09:41:57,066  [restartedMain]  [36ms.d.s.w.p.DocumentationPluginsBootstrapper[0;39m - Context refreshed 
2021-11-24 09:41:57,068  [restartedMain]  [36ms.d.s.w.p.DocumentationPluginsBootstrapper[0;39m - Found 1 custom documentation plugin(s) 
2021-11-24 09:41:57,073  [restartedMain]  [36ms.d.s.w.s.ApiListingReferenceScanner[0;39m - Scanning for api listing references 
2021-11-24 09:41:57,151  [restartedMain]  [36mc.t.s.BankApplication[0;39m - Started BankApplication in 2.073 seconds (JVM running for 261.386) 
2021-11-24 09:41:57,157  [restartedMain]  [36mo.s.b.d.a.ConditionEvaluationDeltaLoggingListener[0;39m - Condition evaluation unchanged 
2021-11-24 09:42:08,801  [http-nio-8080-exec-2]  [36mo.a.c.c.C.[.[.[/][0;39m - Initializing Spring DispatcherServlet 'dispatcherServlet' 
2021-11-24 09:42:08,802  [http-nio-8080-exec-2]  [36mo.s.w.s.DispatcherServlet[0;39m - Initializing Servlet 'dispatcherServlet' 
2021-11-24 09:42:08,806  [http-nio-8080-exec-2]  [36mo.s.w.s.DispatcherServlet[0;39m - Completed initialization in 3 ms 
2021-11-24 09:42:08,809  [http-nio-8080-exec-2]  [36mc.t.s.f.CustomAuthenticattionFilter[0;39m - Username is Rakes And Password Is rakesh@123 
2021-11-24 09:42:09,114  [http-nio-8080-exec-2]  [36mc.t.s.s.CustomerServiceImpl[0;39m - Please Enter your Correct User Name 
2021-11-24 09:42:09,115  [http-nio-8080-exec-2]  [36mc.t.s.f.CustomAuthenticattionFilter[0;39m - UserDetailsService returned null, which is an interface contract violation 
2021-11-24 09:42:33,010  [Thread-7]  [36mo.s.o.j.LocalContainerEntityManagerFactoryBean[0;39m - Closing JPA EntityManagerFactory for persistence unit 'default' 
2021-11-24 09:42:33,013  [Thread-7]  [36mc.z.h.HikariDataSource[0;39m - HikariPool-2 - Shutdown initiated... 
2021-11-24 09:42:33,034  [Thread-7]  [36mc.z.h.HikariDataSource[0;39m - HikariPool-2 - Shutdown completed. 
2021-11-24 09:42:33,302  [restartedMain]  [36mc.t.s.BankApplication[0;39m - Starting BankApplication using Java 15 on DESKTOP-7G56MR9 with PID 16096 (E:\TechnoElevate_Spring Boot Rest\bank-application\target\classes started by Sahid in E:\TechnoElevate_Spring Boot Rest\bank-application) 
2021-11-24 09:42:33,304  [restartedMain]  [36mc.t.s.BankApplication[0;39m - No active profile set, falling back to default profiles: default 
2021-11-24 09:42:33,805  [restartedMain]  [36mo.s.d.r.c.RepositoryConfigurationDelegate[0;39m - Bootstrapping Spring Data JPA repositories in DEFAULT mode. 
2021-11-24 09:42:33,821  [restartedMain]  [36mo.s.d.r.c.RepositoryConfigurationDelegate[0;39m - Finished Spring Data repository scanning in 14 ms. Found 3 JPA repository interfaces. 
2021-11-24 09:42:34,068  [restartedMain]  [36mo.s.b.w.e.t.TomcatWebServer[0;39m - Tomcat initialized with port(s): 8080 (http) 
2021-11-24 09:42:34,069  [restartedMain]  [36mo.a.c.c.StandardService[0;39m - Starting service [Tomcat] 
2021-11-24 09:42:34,069  [restartedMain]  [36mo.a.c.c.StandardEngine[0;39m - Starting Servlet engine: [Apache Tomcat/9.0.54] 
2021-11-24 09:42:34,104  [restartedMain]  [36mo.a.c.c.C.[.[.[/][0;39m - Initializing Spring embedded WebApplicationContext 
2021-11-24 09:42:34,104  [restartedMain]  [36mo.s.b.w.s.c.ServletWebServerApplicationContext[0;39m - Root WebApplicationContext: initialization completed in 794 ms 
2021-11-24 09:42:34,172  [restartedMain]  [36mo.h.j.i.u.LogHelper[0;39m - HHH000204: Processing PersistenceUnitInfo [name: default] 
2021-11-24 09:42:34,180  [restartedMain]  [36mc.z.h.HikariDataSource[0;39m - HikariPool-3 - Starting... 
2021-11-24 09:42:34,186  [restartedMain]  [36mc.z.h.HikariDataSource[0;39m - HikariPool-3 - Start completed. 
2021-11-24 09:42:34,187  [restartedMain]  [36mo.h.d.Dialect[0;39m - HHH000400: Using dialect: org.hibernate.dialect.MySQL5Dialect 
2021-11-24 09:42:34,443  [restartedMain]  [36mo.h.e.t.j.p.i.JtaPlatformInitiator[0;39m - HHH000490: Using JtaPlatform implementation: [org.hibernate.engine.transaction.jta.platform.internal.NoJtaPlatform] 
2021-11-24 09:42:34,444  [restartedMain]  [36mo.s.o.j.LocalContainerEntityManagerFactoryBean[0;39m - Initialized JPA EntityManagerFactory for persistence unit 'default' 
2021-11-24 09:42:34,651  [restartedMain]  [36mo.s.b.a.o.j.JpaBaseConfiguration$JpaWebConfiguration[0;39m - spring.jpa.open-in-view is enabled by default. Therefore, database queries may be performed during view rendering. Explicitly configure spring.jpa.open-in-view to disable this warning 
2021-11-24 09:42:34,811  [restartedMain]  [36mo.s.s.w.DefaultSecurityFilterChain[0;39m - Will secure Ant [pattern='/v2/api-docs'] with [] 
2021-11-24 09:42:34,812  [restartedMain]  [36mo.s.s.w.DefaultSecurityFilterChain[0;39m - Will secure Ant [pattern='/swagger-resources/configuration/ui'] with [] 
2021-11-24 09:42:34,812  [restartedMain]  [36mo.s.s.w.DefaultSecurityFilterChain[0;39m - Will secure Ant [pattern='/swagger-resources'] with [] 
2021-11-24 09:42:34,812  [restartedMain]  [36mo.s.s.w.DefaultSecurityFilterChain[0;39m - Will secure Ant [pattern='/swagger-resources/configuration/security'] with [] 
2021-11-24 09:42:34,812  [restartedMain]  [36mo.s.s.w.DefaultSecurityFilterChain[0;39m - Will secure Ant [pattern='/swagger-ui.html'] with [] 
2021-11-24 09:42:34,812  [restartedMain]  [36mo.s.s.w.DefaultSecurityFilterChain[0;39m - Will secure Ant [pattern='/webjars/**'] with [] 
2021-11-24 09:42:34,821  [restartedMain]  [36mo.s.s.w.DefaultSecurityFilterChain[0;39m - Will secure any request with [org.springframework.security.web.context.request.async.WebAsyncManagerIntegrationFilter@489f7914, org.springframework.security.web.context.SecurityContextPersistenceFilter@69388847, org.springframework.security.web.header.HeaderWriterFilter@529b3469, org.springframework.security.web.authentication.logout.LogoutFilter@6d903385, com.technoelevate.springboot.filter.CustomerAuthorizationFilter@44bae726, com.technoelevate.springboot.filter.CustomAuthenticattionFilter@23f45e74, org.springframework.security.web.savedrequest.RequestCacheAwareFilter@50775c91, org.springframework.security.web.servletapi.SecurityContextHolderAwareRequestFilter@5bc4128a, org.springframework.security.web.authentication.AnonymousAuthenticationFilter@7005155b, org.springframework.security.web.session.SessionManagementFilter@669fa0f8, org.springframework.security.web.access.ExceptionTranslationFilter@7b884fce, org.springframework.security.web.access.intercept.FilterSecurityInterceptor@f4b8d3c] 
2021-11-24 09:42:34,831  [restartedMain]  [36ms.d.s.w.PropertySourcedRequestMappingHandlerMapping[0;39m - Mapped URL path [/v2/api-docs] onto method [springfox.documentation.swagger2.web.Swagger2Controller#getDocumentation(String, HttpServletRequest)] 
2021-11-24 09:42:34,896  [restartedMain]  [36mo.s.b.d.a.OptionalLiveReloadServer[0;39m - LiveReload server is running on port 35729 
2021-11-24 09:42:34,990  [restartedMain]  [36mo.s.b.w.e.t.TomcatWebServer[0;39m - Tomcat started on port(s): 8080 (http) with context path '' 
2021-11-24 09:42:34,992  [restartedMain]  [36ms.d.s.w.p.DocumentationPluginsBootstrapper[0;39m - Context refreshed 
2021-11-24 09:42:34,993  [restartedMain]  [36ms.d.s.w.p.DocumentationPluginsBootstrapper[0;39m - Found 1 custom documentation plugin(s) 
2021-11-24 09:42:34,998  [restartedMain]  [36ms.d.s.w.s.ApiListingReferenceScanner[0;39m - Scanning for api listing references 
2021-11-24 09:42:35,063  [restartedMain]  [36mc.t.s.BankApplication[0;39m - Started BankApplication in 1.89 seconds (JVM running for 299.297) 
2021-11-24 09:42:35,066  [restartedMain]  [36mo.s.b.d.a.ConditionEvaluationDeltaLoggingListener[0;39m - Condition evaluation unchanged 
2021-11-24 09:43:06,693  [http-nio-8080-exec-2]  [36mo.a.c.c.C.[.[.[/][0;39m - Initializing Spring DispatcherServlet 'dispatcherServlet' 
2021-11-24 09:43:06,695  [http-nio-8080-exec-2]  [36mo.s.w.s.DispatcherServlet[0;39m - Initializing Servlet 'dispatcherServlet' 
2021-11-24 09:43:06,699  [http-nio-8080-exec-2]  [36mo.s.w.s.DispatcherServlet[0;39m - Completed initialization in 4 ms 
2021-11-24 09:43:06,702  [http-nio-8080-exec-2]  [36mc.t.s.f.CustomAuthenticattionFilter[0;39m - Username is Rakes And Password Is rakesh@123 
2021-11-24 09:43:07,026  [http-nio-8080-exec-2]  [36mc.t.s.s.CustomerServiceImpl[0;39m - Please Enter your Correct User Name 
2021-11-24 09:43:07,026  [http-nio-8080-exec-2]  [36mc.t.s.f.CustomAuthenticattionFilter[0;39m - UserDetailsService returned null, which is an interface contract violation 
2021-11-24 09:46:44,823  [Thread-11]  [36mo.s.o.j.LocalContainerEntityManagerFactoryBean[0;39m - Closing JPA EntityManagerFactory for persistence unit 'default' 
2021-11-24 09:46:44,828  [Thread-11]  [36mc.z.h.HikariDataSource[0;39m - HikariPool-3 - Shutdown initiated... 
2021-11-24 09:46:44,835  [Thread-11]  [36mc.z.h.HikariDataSource[0;39m - HikariPool-3 - Shutdown completed. 
2021-11-24 09:46:45,079  [restartedMain]  [36mc.t.s.BankApplication[0;39m - Starting BankApplication using Java 15 on DESKTOP-7G56MR9 with PID 16096 (E:\TechnoElevate_Spring Boot Rest\bank-application\target\classes started by Sahid in E:\TechnoElevate_Spring Boot Rest\bank-application) 
2021-11-24 09:46:45,080  [restartedMain]  [36mc.t.s.BankApplication[0;39m - No active profile set, falling back to default profiles: default 
